<?xml version="1.0" encoding="UTF-8"?>
<robot generator="Robot 3.1.1 (Python 3.7.2 on win32)" generated="20190513 15:09:07.876" rpa="false">
<suite id="s1" name="N26automationTesting" source="C:\Users\Rohan\Software Development\POC\InterviewRobot\N26automationTesting\N26automationTesting">
<suite id="s1-s1" name="TestSuites" source="C:\Users\Rohan\Software Development\POC\InterviewRobot\N26automationTesting\N26automationTesting\TestSuites">
<suite id="s1-s1-s1" name="GnuCashTest" source="C:\Users\Rohan\Software Development\POC\InterviewRobot\N26automationTesting\N26automationTesting\TestSuites\GnuCashTest">
<suite id="s1-s1-s1-s1" name="GnuTestCases" source="C:\Users\Rohan\Software Development\POC\InterviewRobot\N26automationTesting\N26automationTesting\TestSuites\GnuCashTest\GnuTestCases.robot">
<kw name="Go to Home Page" type="setup">
<kw name="Open Application" library="AppiumLibrary">
<doc>Opens a new application to given Appium server.
Capabilities of appium server, Android and iOS,
Please check https://github.com/appium/appium/blob/master/docs/en/writing-running-appium/server-args.md
| *Option*            | *Man.* | *Description*     |
| remote_url          | Yes    | Appium server url |
| alias               | no     | alias             |</doc>
<arguments>
<arg>${REMOTE_URL}</arg>
<arg>app=${app}</arg>
<arg>platformName=${platformName}</arg>
<arg>deviceName=${deviceName}</arg>
<arg>automationName=${automationName}</arg>
<arg>appActivity=${appActivity}</arg>
<arg>appPackage=${appPackage}</arg>
</arguments>
<status status="PASS" starttime="20190513 15:09:08.177" endtime="20190513 15:09:28.856"></status>
</kw>
<kw name="Click Element" library="AppiumLibrary">
<doc>Click element identified by `locator`.</doc>
<arguments>
<arg>id=org.gnucash.android:id/btn_save</arg>
</arguments>
<msg timestamp="20190513 15:09:28.856" level="INFO">Clicking element 'id=org.gnucash.android:id/btn_save'.</msg>
<status status="PASS" starttime="20190513 15:09:28.856" endtime="20190513 15:09:31.210"></status>
</kw>
<kw name="Click Element" library="AppiumLibrary">
<doc>Click element identified by `locator`.</doc>
<arguments>
<arg>xpath=/hierarchy/android.widget.FrameLayout/android.widget.LinearLayout/android.widget.FrameLayout/android.view.ViewGroup/android.widget.FrameLayout[2]/android.widget.LinearLayout/android.support.v4.view.ViewPager/android.widget.LinearLayout/android.widget.ListView/android.widget.CheckedTextView[4]</arg>
</arguments>
<msg timestamp="20190513 15:09:31.216" level="INFO">Clicking element 'xpath=/hierarchy/android.widget.FrameLayout/android.widget.LinearLayout/android.widget.FrameLayout/android.view.ViewGroup/android.widget.FrameLayout[2]/android.widget.LinearLayout/android.support.v4.view.ViewPager/android.widget.LinearLayout/android.widget.ListView/android.widget.CheckedTextView[4]'.</msg>
<status status="PASS" starttime="20190513 15:09:31.210" endtime="20190513 15:09:33.160"></status>
</kw>
<kw name="Click Element" library="AppiumLibrary">
<doc>Click element identified by `locator`.</doc>
<arguments>
<arg>id=org.gnucash.android:id/btn_save</arg>
</arguments>
<msg timestamp="20190513 15:09:33.162" level="INFO">Clicking element 'id=org.gnucash.android:id/btn_save'.</msg>
<status status="PASS" starttime="20190513 15:09:33.161" endtime="20190513 15:09:33.263"></status>
</kw>
<kw name="Click Element" library="AppiumLibrary">
<doc>Click element identified by `locator`.</doc>
<arguments>
<arg>id=org.gnucash.android:id/btn_save</arg>
</arguments>
<msg timestamp="20190513 15:09:33.267" level="INFO">Clicking element 'id=org.gnucash.android:id/btn_save'.</msg>
<status status="PASS" starttime="20190513 15:09:33.264" endtime="20190513 15:09:34.092"></status>
</kw>
<kw name="Click Element" library="AppiumLibrary">
<doc>Click element identified by `locator`.</doc>
<arguments>
<arg>xpath=/hierarchy/android.widget.FrameLayout/android.widget.LinearLayout/android.widget.FrameLayout/android.view.ViewGroup/android.widget.FrameLayout[2]/android.widget.LinearLayout/android.support.v4.view.ViewPager/android.widget.LinearLayout/android.widget.ListView/android.widget.CheckedTextView[2]</arg>
</arguments>
<msg timestamp="20190513 15:09:34.092" level="INFO">Clicking element 'xpath=/hierarchy/android.widget.FrameLayout/android.widget.LinearLayout/android.widget.FrameLayout/android.view.ViewGroup/android.widget.FrameLayout[2]/android.widget.LinearLayout/android.support.v4.view.ViewPager/android.widget.LinearLayout/android.widget.ListView/android.widget.CheckedTextView[2]'.</msg>
<status status="PASS" starttime="20190513 15:09:34.092" endtime="20190513 15:09:36.186"></status>
</kw>
<kw name="Click Element" library="AppiumLibrary">
<doc>Click element identified by `locator`.</doc>
<arguments>
<arg>id=org.gnucash.android:id/btn_save</arg>
</arguments>
<msg timestamp="20190513 15:09:36.186" level="INFO">Clicking element 'id=org.gnucash.android:id/btn_save'.</msg>
<status status="PASS" starttime="20190513 15:09:36.186" endtime="20190513 15:09:36.302"></status>
</kw>
<kw name="Click Element" library="AppiumLibrary">
<doc>Click element identified by `locator`.</doc>
<arguments>
<arg>id=org.gnucash.android:id/btn_save</arg>
</arguments>
<msg timestamp="20190513 15:09:36.302" level="INFO">Clicking element 'id=org.gnucash.android:id/btn_save'.</msg>
<status status="PASS" starttime="20190513 15:09:36.302" endtime="20190513 15:09:37.122"></status>
</kw>
<kw name="Wait Until Keyword Succeeds" library="BuiltIn">
<doc>Runs the specified keyword and retries if it fails.</doc>
<arguments>
<arg>5</arg>
<arg>5</arg>
<arg>Click Element</arg>
<arg>id=android:id/button1</arg>
</arguments>
<kw name="Click Element" library="AppiumLibrary">
<doc>Click element identified by `locator`.</doc>
<arguments>
<arg>id=android:id/button1</arg>
</arguments>
<msg timestamp="20190513 15:09:37.137" level="INFO">Clicking element 'id=android:id/button1'.</msg>
<kw name="Capture Page Screenshot" library="AppiumLibrary">
<doc>Takes a screenshot of the current page and embeds it into the log.</doc>
<msg timestamp="20190513 15:09:37.979" level="INFO" html="yes">&lt;/td&gt;&lt;/tr&gt;&lt;tr&gt;&lt;td colspan="3"&gt;&lt;a href="appium-screenshot-1.png"&gt;&lt;img src="appium-screenshot-1.png" width="800px"&gt;&lt;/a&gt;</msg>
<status status="PASS" starttime="20190513 15:09:37.238" endtime="20190513 15:09:37.979"></status>
</kw>
<msg timestamp="20190513 15:09:37.979" level="FAIL">ValueError: Element locator 'id=android:id/button1' did not match any elements.</msg>
<status status="FAIL" starttime="20190513 15:09:37.122" endtime="20190513 15:09:37.979"></status>
</kw>
<kw name="Click Element" library="AppiumLibrary">
<doc>Click element identified by `locator`.</doc>
<arguments>
<arg>id=android:id/button1</arg>
</arguments>
<msg timestamp="20190513 15:09:42.997" level="INFO">Clicking element 'id=android:id/button1'.</msg>
<status status="PASS" starttime="20190513 15:09:42.997" endtime="20190513 15:09:43.183"></status>
</kw>
<status status="PASS" starttime="20190513 15:09:37.122" endtime="20190513 15:09:43.183"></status>
</kw>
<status status="PASS" starttime="20190513 15:09:08.177" endtime="20190513 15:09:43.183"></status>
</kw>
<test id="s1-s1-s1-s1-t1" name="Add Account">
<kw name="Log" library="BuiltIn">
<doc>Logs the given message with the given level.</doc>
<arguments>
<arg>Home Page opened</arg>
</arguments>
<msg timestamp="20190513 15:09:43.183" level="INFO">Home Page opened</msg>
<status status="PASS" starttime="20190513 15:09:43.183" endtime="20190513 15:09:43.183"></status>
</kw>
<kw name="Click Element" library="AppiumLibrary">
<doc>Click element identified by `locator`.</doc>
<arguments>
<arg>id=org.gnucash.android:id/fab_create_account</arg>
</arguments>
<msg timestamp="20190513 15:09:43.198" level="INFO">Clicking element 'id=org.gnucash.android:id/fab_create_account'.</msg>
<status status="PASS" starttime="20190513 15:09:43.183" endtime="20190513 15:09:44.256"></status>
</kw>
<kw name="Generate Random String" library="String">
<doc>Generates a string with a desired ``length`` from the given ``chars``.</doc>
<arguments>
<arg>7</arg>
<arg>[NUMBERS] Account Name Test</arg>
</arguments>
<assign>
<var>${AccountNameTest}</var>
</assign>
<msg timestamp="20190513 15:09:44.256" level="INFO">${AccountNameTest} = tAn90m4</msg>
<status status="PASS" starttime="20190513 15:09:44.256" endtime="20190513 15:09:44.256"></status>
</kw>
<kw name="Wait Until Keyword Succeeds" library="BuiltIn">
<doc>Runs the specified keyword and retries if it fails.</doc>
<arguments>
<arg>5</arg>
<arg>5</arg>
<arg>Input Text</arg>
<arg>id=org.gnucash.android:id/input_account_name</arg>
<arg>${AccountNameTest}</arg>
</arguments>
<kw name="Input Text" library="AppiumLibrary">
<doc>Types the given `text` into text field identified by `locator`.</doc>
<arguments>
<arg>id=org.gnucash.android:id/input_account_name</arg>
<arg>${AccountNameTest}</arg>
</arguments>
<msg timestamp="20190513 15:09:44.272" level="INFO">Typing text 'tAn90m4' into text field 'id=org.gnucash.android:id/input_account_name'</msg>
<kw name="Capture Page Screenshot" library="AppiumLibrary">
<doc>Takes a screenshot of the current page and embeds it into the log.</doc>
<msg timestamp="20190513 15:09:45.462" level="INFO" html="yes">&lt;/td&gt;&lt;/tr&gt;&lt;tr&gt;&lt;td colspan="3"&gt;&lt;a href="appium-screenshot-2.png"&gt;&lt;img src="appium-screenshot-2.png" width="800px"&gt;&lt;/a&gt;</msg>
<status status="PASS" starttime="20190513 15:09:44.472" endtime="20190513 15:09:45.462"></status>
</kw>
<msg timestamp="20190513 15:09:45.462" level="FAIL">ValueError: Element locator 'id=org.gnucash.android:id/input_account_name' did not match any elements.</msg>
<status status="FAIL" starttime="20190513 15:09:44.256" endtime="20190513 15:09:45.462"></status>
</kw>
<kw name="Input Text" library="AppiumLibrary">
<doc>Types the given `text` into text field identified by `locator`.</doc>
<arguments>
<arg>id=org.gnucash.android:id/input_account_name</arg>
<arg>${AccountNameTest}</arg>
</arguments>
<msg timestamp="20190513 15:09:50.483" level="INFO">Typing text 'tAn90m4' into text field 'id=org.gnucash.android:id/input_account_name'</msg>
<status status="PASS" starttime="20190513 15:09:50.483" endtime="20190513 15:09:50.699"></status>
</kw>
<status status="PASS" starttime="20190513 15:09:44.256" endtime="20190513 15:09:50.699"></status>
</kw>
<kw name="Wait Until Keyword Succeeds" library="BuiltIn">
<doc>Runs the specified keyword and retries if it fails.</doc>
<arguments>
<arg>5</arg>
<arg>5</arg>
<arg>Click Element</arg>
<arg>id=org.gnucash.android:id/menu_save</arg>
</arguments>
<kw name="Click Element" library="AppiumLibrary">
<doc>Click element identified by `locator`.</doc>
<arguments>
<arg>id=org.gnucash.android:id/menu_save</arg>
</arguments>
<msg timestamp="20190513 15:09:50.699" level="INFO">Clicking element 'id=org.gnucash.android:id/menu_save'.</msg>
<status status="PASS" starttime="20190513 15:09:50.699" endtime="20190513 15:09:51.442"></status>
</kw>
<status status="PASS" starttime="20190513 15:09:50.699" endtime="20190513 15:09:51.442"></status>
</kw>
<kw name="Wait Until Keyword Succeeds" library="BuiltIn">
<doc>Runs the specified keyword and retries if it fails.</doc>
<arguments>
<arg>5</arg>
<arg>5</arg>
<arg>Page Should Contain Text</arg>
<arg>${AccountNameTest}</arg>
<arg>New Got created with name ${AccountNameTest}</arg>
</arguments>
<kw name="Page Should Contain Text" library="AppiumLibrary">
<doc>Verifies that current page contains `text`.</doc>
<arguments>
<arg>${AccountNameTest}</arg>
<arg>New Got created with name ${AccountNameTest}</arg>
</arguments>
<msg timestamp="20190513 15:09:51.593" level="INFO">Current page contains text 'tAn90m4'.</msg>
<status status="PASS" starttime="20190513 15:09:51.442" endtime="20190513 15:09:51.594"></status>
</kw>
<status status="PASS" starttime="20190513 15:09:51.442" endtime="20190513 15:09:51.594"></status>
</kw>
<doc>Validate Add Account Functionality</doc>
<tags>
<tag>android</tag>
</tags>
<status status="PASS" starttime="20190513 15:09:43.183" endtime="20190513 15:09:51.594" critical="yes"></status>
</test>
<test id="s1-s1-s1-s1-t2" name="Edit Account Name">
<kw name="Click Element" library="AppiumLibrary">
<doc>Click element identified by `locator`.</doc>
<arguments>
<arg>xpath=/hierarchy/android.widget.FrameLayout/android.widget.LinearLayout/android.widget.FrameLayout/android.widget.FrameLayout/android.widget.FrameLayout/android.support.v4.widget.DrawerLayout/android.view.ViewGroup/android.support.v4.view.ViewPager/android.widget.RelativeLayout/android.support.v7.widget.RecyclerView/android.widget.FrameLayout[1]/android.widget.RelativeLayout/android.widget.ImageView[2]</arg>
</arguments>
<msg timestamp="20190513 15:09:51.597" level="INFO">Clicking element 'xpath=/hierarchy/android.widget.FrameLayout/android.widget.LinearLayout/android.widget.FrameLayout/android.widget.FrameLayout/android.widget.FrameLayout/android.support.v4.widget.DrawerLayout/android.view.ViewGroup/android.support.v4.view.ViewPager/android.widget.RelativeLayout/android.support.v7.widget.RecyclerView/android.widget.FrameLayout[1]/android.widget.RelativeLayout/android.widget.ImageView[2]'.</msg>
<status status="PASS" starttime="20190513 15:09:51.595" endtime="20190513 15:09:53.447"></status>
</kw>
<kw name="Generate Random String" library="String">
<doc>Generates a string with a desired ``length`` from the given ``chars``.</doc>
<arguments>
<arg>4</arg>
<arg>[NUMBERS] Test Edit Assets</arg>
</arguments>
<assign>
<var>${EditTest}</var>
</assign>
<msg timestamp="20190513 15:09:53.447" level="INFO">${EditTest} = s7de</msg>
<status status="PASS" starttime="20190513 15:09:53.447" endtime="20190513 15:09:53.447"></status>
</kw>
<kw name="Wait Until Keyword Succeeds" library="BuiltIn">
<doc>Runs the specified keyword and retries if it fails.</doc>
<arguments>
<arg>5</arg>
<arg>5</arg>
<arg>Click Element</arg>
<arg>xpath=/hierarchy/android.widget.FrameLayout/android.widget.FrameLayout/android.widget.ListView/android.widget.LinearLayout[1]/android.widget.RelativeLayout/android.widget.TextView</arg>
</arguments>
<kw name="Click Element" library="AppiumLibrary">
<doc>Click element identified by `locator`.</doc>
<arguments>
<arg>xpath=/hierarchy/android.widget.FrameLayout/android.widget.FrameLayout/android.widget.ListView/android.widget.LinearLayout[1]/android.widget.RelativeLayout/android.widget.TextView</arg>
</arguments>
<msg timestamp="20190513 15:09:53.447" level="INFO">Clicking element 'xpath=/hierarchy/android.widget.FrameLayout/android.widget.FrameLayout/android.widget.ListView/android.widget.LinearLayout[1]/android.widget.RelativeLayout/android.widget.TextView'.</msg>
<kw name="Capture Page Screenshot" library="AppiumLibrary">
<doc>Takes a screenshot of the current page and embeds it into the log.</doc>
<msg timestamp="20190513 15:09:54.517" level="INFO" html="yes">&lt;/td&gt;&lt;/tr&gt;&lt;tr&gt;&lt;td colspan="3"&gt;&lt;a href="appium-screenshot-3.png"&gt;&lt;img src="appium-screenshot-3.png" width="800px"&gt;&lt;/a&gt;</msg>
<status status="PASS" starttime="20190513 15:09:53.707" endtime="20190513 15:09:54.518"></status>
</kw>
<msg timestamp="20190513 15:09:54.519" level="FAIL">ValueError: Element locator 'xpath=/hierarchy/android.widget.FrameLayout/android.widget.FrameLayout/android.widget.ListView/android.widget.LinearLayout[1]/android.widget.RelativeLayout/android.widget.TextView' did not match any elements.</msg>
<status status="FAIL" starttime="20190513 15:09:53.447" endtime="20190513 15:09:54.519"></status>
</kw>
<kw name="Click Element" library="AppiumLibrary">
<doc>Click element identified by `locator`.</doc>
<arguments>
<arg>xpath=/hierarchy/android.widget.FrameLayout/android.widget.FrameLayout/android.widget.ListView/android.widget.LinearLayout[1]/android.widget.RelativeLayout/android.widget.TextView</arg>
</arguments>
<msg timestamp="20190513 15:09:59.525" level="INFO">Clicking element 'xpath=/hierarchy/android.widget.FrameLayout/android.widget.FrameLayout/android.widget.ListView/android.widget.LinearLayout[1]/android.widget.RelativeLayout/android.widget.TextView'.</msg>
<status status="PASS" starttime="20190513 15:09:59.525" endtime="20190513 15:10:01.278"></status>
</kw>
<status status="PASS" starttime="20190513 15:09:53.447" endtime="20190513 15:10:01.278"></status>
</kw>
<kw name="Capture Page Screenshot" library="AppiumLibrary">
<doc>Takes a screenshot of the current page and embeds it into the log.</doc>
<msg timestamp="20190513 15:10:02.036" level="INFO" html="yes">&lt;/td&gt;&lt;/tr&gt;&lt;tr&gt;&lt;td colspan="3"&gt;&lt;a href="appium-screenshot-4.png"&gt;&lt;img src="appium-screenshot-4.png" width="800px"&gt;&lt;/a&gt;</msg>
<status status="PASS" starttime="20190513 15:10:01.278" endtime="20190513 15:10:02.036"></status>
</kw>
<kw name="Wait Until Keyword Succeeds" library="BuiltIn">
<doc>Runs the specified keyword and retries if it fails.</doc>
<arguments>
<arg>5</arg>
<arg>5</arg>
<arg>Input Text</arg>
<arg>id=org.gnucash.android:id/input_account_name</arg>
<arg>${EditTest}</arg>
</arguments>
<kw name="Input Text" library="AppiumLibrary">
<doc>Types the given `text` into text field identified by `locator`.</doc>
<arguments>
<arg>id=org.gnucash.android:id/input_account_name</arg>
<arg>${EditTest}</arg>
</arguments>
<msg timestamp="20190513 15:10:02.051" level="INFO">Typing text 's7de' into text field 'id=org.gnucash.android:id/input_account_name'</msg>
<status status="PASS" starttime="20190513 15:10:02.036" endtime="20190513 15:10:02.713"></status>
</kw>
<status status="PASS" starttime="20190513 15:10:02.036" endtime="20190513 15:10:02.713"></status>
</kw>
<kw name="Wait Until Keyword Succeeds" library="BuiltIn">
<doc>Runs the specified keyword and retries if it fails.</doc>
<arguments>
<arg>5</arg>
<arg>5</arg>
<arg>Click Element</arg>
<arg>id=org.gnucash.android:id/menu_save</arg>
</arguments>
<kw name="Click Element" library="AppiumLibrary">
<doc>Click element identified by `locator`.</doc>
<arguments>
<arg>id=org.gnucash.android:id/menu_save</arg>
</arguments>
<msg timestamp="20190513 15:10:02.713" level="INFO">Clicking element 'id=org.gnucash.android:id/menu_save'.</msg>
<status status="PASS" starttime="20190513 15:10:02.713" endtime="20190513 15:10:03.350"></status>
</kw>
<status status="PASS" starttime="20190513 15:10:02.713" endtime="20190513 15:10:03.350"></status>
</kw>
<kw name="Page Should Contain Text" library="AppiumLibrary">
<doc>Verifies that current page contains `text`.</doc>
<arguments>
<arg>${EditTest}</arg>
<arg>Updated test found for Account</arg>
</arguments>
<msg timestamp="20190513 15:10:03.488" level="INFO">Current page contains text 's7de'.</msg>
<status status="PASS" starttime="20190513 15:10:03.350" endtime="20190513 15:10:03.488"></status>
</kw>
<kw name="Capture Page Screenshot" library="AppiumLibrary">
<doc>Takes a screenshot of the current page and embeds it into the log.</doc>
<msg timestamp="20190513 15:10:04.259" level="INFO" html="yes">&lt;/td&gt;&lt;/tr&gt;&lt;tr&gt;&lt;td colspan="3"&gt;&lt;a href="appium-screenshot-5.png"&gt;&lt;img src="appium-screenshot-5.png" width="800px"&gt;&lt;/a&gt;</msg>
<status status="PASS" starttime="20190513 15:10:03.488" endtime="20190513 15:10:04.259"></status>
</kw>
<doc>Valdiate the Edit Account functionality for GNU App

| STEP | Expectation |
| Click on Edit Account | Edit account window should pop up |
| Update the Account Name with randomised text | |
| Click on Save | |
| Verify Account number is changed | Account number should be updated |</doc>
<tags>
<tag>android</tag>
</tags>
<status status="PASS" starttime="20190513 15:09:51.595" endtime="20190513 15:10:04.259" critical="yes"></status>
</test>
<kw name="Quit Application" library="AppiumLibrary" type="teardown">
<doc>Quit application. Application can be quit while Appium session is kept alive.
This keyword can be used to close application during test case or between test cases.</doc>
<status status="PASS" starttime="20190513 15:10:04.259" endtime="20190513 15:10:05.053"></status>
</kw>
<status status="PASS" starttime="20190513 15:09:08.139" endtime="20190513 15:10:05.053"></status>
</suite>
<doc>This is to test teh android application using Appium library</doc>
<status status="PASS" starttime="20190513 15:09:08.139" endtime="20190513 15:10:05.056"></status>
</suite>
<status status="PASS" starttime="20190513 15:09:07.923" endtime="20190513 15:10:05.059"></status>
</suite>
<status status="PASS" starttime="20190513 15:09:07.892" endtime="20190513 15:10:05.062"></status>
</suite>
<statistics>
<total>
<stat pass="2" fail="0">Critical Tests</stat>
<stat pass="2" fail="0">All Tests</stat>
</total>
<tag>
<stat pass="2" fail="0">android</stat>
</tag>
<suite>
<stat pass="2" fail="0" id="s1" name="N26automationTesting">N26automationTesting</stat>
<stat pass="2" fail="0" id="s1-s1" name="TestSuites">N26automationTesting.TestSuites</stat>
<stat pass="2" fail="0" id="s1-s1-s1" name="GnuCashTest">N26automationTesting.TestSuites.GnuCashTest</stat>
<stat pass="2" fail="0" id="s1-s1-s1-s1" name="GnuTestCases">N26automationTesting.TestSuites.GnuCashTest.GnuTestCases</stat>
</suite>
</statistics>
<errors>
<msg timestamp="20190513 15:09:07.939" level="ERROR">Error in file 'C:\Users\Rohan\Software Development\POC\InterviewRobot\N26automationTesting\N26automationTesting\Common\Keywords\Api-Keywords.robot': Importing test library 'JSONLibrary' failed: ModuleNotFoundError: No module named 'JSONLibrary'
Traceback (most recent call last):
  None
PYTHONPATH:
  C:\Users\Rohan\AppData\Local\Programs\Python\Python37\Scripts\robot.exe
  c:\users\rohan\appdata\local\programs\python\python37\python37.zip
  c:\users\rohan\appdata\local\programs\python\python37\DLLs
  c:\users\rohan\appdata\local\programs\python\python37\lib
  c:\users\rohan\appdata\local\programs\python\python37
  c:\users\rohan\appdata\local\programs\python\python37\lib\site-packages
  c:\users\rohan\appdata\local\programs\python\python37\lib\site-packages\win32
  c:\users\rohan\appdata\local\programs\python\python37\lib\site-packages\win32\lib
  c:\users\rohan\appdata\local\programs\python\python37\lib\site-packages\Pythonwin
  c:\users\rohan\appdata\local\programs\python\python37\lib\site-packages\robotide\contrib\testrunner\../../lib</msg>
<msg timestamp="20190513 15:09:08.108" level="ERROR">Error in file 'C:\Users\Rohan\Software Development\POC\InterviewRobot\N26automationTesting\N26automationTesting\~DEPENDENCIES.txt': Importing test library 'HttpLibrary.HTTP' failed: SyntaxError: invalid syntax (__init__.py, line 16)
Traceback (most recent call last):
  None
PYTHONPATH:
  C:\Users\Rohan\AppData\Local\Programs\Python\Python37\Scripts\robot.exe
  c:\users\rohan\appdata\local\programs\python\python37\python37.zip
  c:\users\rohan\appdata\local\programs\python\python37\DLLs
  c:\users\rohan\appdata\local\programs\python\python37\lib
  c:\users\rohan\appdata\local\programs\python\python37
  c:\users\rohan\appdata\local\programs\python\python37\lib\site-packages
  c:\users\rohan\appdata\local\programs\python\python37\lib\site-packages\win32
  c:\users\rohan\appdata\local\programs\python\python37\lib\site-packages\win32\lib
  c:\users\rohan\appdata\local\programs\python\python37\lib\site-packages\Pythonwin
  c:\users\rohan\appdata\local\programs\python\python37\lib\site-packages\robotide\contrib\testrunner\../../lib</msg>
<msg timestamp="20190513 15:09:08.139" level="ERROR">Error in file 'C:\Users\Rohan\Software Development\POC\InterviewRobot\N26automationTesting\N26automationTesting\~DEPENDENCIES.txt': Importing test library 'JSONLibrary' failed: ModuleNotFoundError: No module named 'JSONLibrary'
Traceback (most recent call last):
  None
PYTHONPATH:
  C:\Users\Rohan\AppData\Local\Programs\Python\Python37\Scripts\robot.exe
  c:\users\rohan\appdata\local\programs\python\python37\python37.zip
  c:\users\rohan\appdata\local\programs\python\python37\DLLs
  c:\users\rohan\appdata\local\programs\python\python37\lib
  c:\users\rohan\appdata\local\programs\python\python37
  c:\users\rohan\appdata\local\programs\python\python37\lib\site-packages
  c:\users\rohan\appdata\local\programs\python\python37\lib\site-packages\win32
  c:\users\rohan\appdata\local\programs\python\python37\lib\site-packages\win32\lib
  c:\users\rohan\appdata\local\programs\python\python37\lib\site-packages\Pythonwin
  c:\users\rohan\appdata\local\programs\python\python37\lib\site-packages\robotide\contrib\testrunner\../../lib</msg>
<msg timestamp="20190513 15:09:08.155" level="ERROR">Error in file 'C:\Users\Rohan\Software Development\POC\InterviewRobot\N26automationTesting\N26automationTesting\Common\Keywords\Api-Keywords.robot': Importing test library 'JSONLibrary' failed: ModuleNotFoundError: No module named 'JSONLibrary'
Traceback (most recent call last):
  None
PYTHONPATH:
  C:\Users\Rohan\AppData\Local\Programs\Python\Python37\Scripts\robot.exe
  c:\users\rohan\appdata\local\programs\python\python37\python37.zip
  c:\users\rohan\appdata\local\programs\python\python37\DLLs
  c:\users\rohan\appdata\local\programs\python\python37\lib
  c:\users\rohan\appdata\local\programs\python\python37
  c:\users\rohan\appdata\local\programs\python\python37\lib\site-packages
  c:\users\rohan\appdata\local\programs\python\python37\lib\site-packages\win32
  c:\users\rohan\appdata\local\programs\python\python37\lib\site-packages\win32\lib
  c:\users\rohan\appdata\local\programs\python\python37\lib\site-packages\Pythonwin
  c:\users\rohan\appdata\local\programs\python\python37\lib\site-packages\robotide\contrib\testrunner\../../lib</msg>
<msg timestamp="20190513 15:09:08.155" level="ERROR">Error in file 'C:\Users\Rohan\Software Development\POC\InterviewRobot\N26automationTesting\N26automationTesting\~DEPENDENCIES.txt': Importing test library 'HttpLibrary.HTTP' failed: SyntaxError: invalid syntax (__init__.py, line 16)
Traceback (most recent call last):
  None
PYTHONPATH:
  C:\Users\Rohan\AppData\Local\Programs\Python\Python37\Scripts\robot.exe
  c:\users\rohan\appdata\local\programs\python\python37\python37.zip
  c:\users\rohan\appdata\local\programs\python\python37\DLLs
  c:\users\rohan\appdata\local\programs\python\python37\lib
  c:\users\rohan\appdata\local\programs\python\python37
  c:\users\rohan\appdata\local\programs\python\python37\lib\site-packages
  c:\users\rohan\appdata\local\programs\python\python37\lib\site-packages\win32
  c:\users\rohan\appdata\local\programs\python\python37\lib\site-packages\win32\lib
  c:\users\rohan\appdata\local\programs\python\python37\lib\site-packages\Pythonwin
  c:\users\rohan\appdata\local\programs\python\python37\lib\site-packages\robotide\contrib\testrunner\../../lib</msg>
<msg timestamp="20190513 15:09:08.171" level="ERROR">Error in file 'C:\Users\Rohan\Software Development\POC\InterviewRobot\N26automationTesting\N26automationTesting\~DEPENDENCIES.txt': Importing test library 'JSONLibrary' failed: ModuleNotFoundError: No module named 'JSONLibrary'
Traceback (most recent call last):
  None
PYTHONPATH:
  C:\Users\Rohan\AppData\Local\Programs\Python\Python37\Scripts\robot.exe
  c:\users\rohan\appdata\local\programs\python\python37\python37.zip
  c:\users\rohan\appdata\local\programs\python\python37\DLLs
  c:\users\rohan\appdata\local\programs\python\python37\lib
  c:\users\rohan\appdata\local\programs\python\python37
  c:\users\rohan\appdata\local\programs\python\python37\lib\site-packages
  c:\users\rohan\appdata\local\programs\python\python37\lib\site-packages\win32
  c:\users\rohan\appdata\local\programs\python\python37\lib\site-packages\win32\lib
  c:\users\rohan\appdata\local\programs\python\python37\lib\site-packages\Pythonwin
  c:\users\rohan\appdata\local\programs\python\python37\lib\site-packages\robotide\contrib\testrunner\../../lib</msg>
</errors>
</robot>
